<?xml version="1.0" encoding="UTF-8"?>
<testsuite name="VendingMachineKata.VendingMachineTest" tests="22" skipped="0" failures="0" errors="0" timestamp="2018-02-06T09:22:28" hostname="Shanes-MacBook-Pro.local" time="0.008">
  <properties/>
  <testcase name="EnableExactChangeOnlyMode" classname="VendingMachineKata.VendingMachineTest" time="0.001"/>
  <testcase name="VendingMachineCorrectlyAddsQuarterNickelDimeAndPennyToTotalValue" classname="VendingMachineKata.VendingMachineTest" time="0.0"/>
  <testcase name="SelectASoldOutItemAndCheckMessage" classname="VendingMachineKata.VendingMachineTest" time="0.0"/>
  <testcase name="VendingMachineAcceptsNickels" classname="VendingMachineKata.VendingMachineTest" time="0.0"/>
  <testcase name="VendingMachineCorrectlyAddsQuarterNickelAndDimeToTotalValue" classname="VendingMachineKata.VendingMachineTest" time="0.0"/>
  <testcase name="SelectColaAndCheckMessageThenInsertThreeQuartersAndCheckMessageAgain" classname="VendingMachineKata.VendingMachineTest" time="0.0"/>
  <testcase name="VendingMachineAcceptsDimes" classname="VendingMachineKata.VendingMachineTest" time="0.0"/>
  <testcase name="SelectColaAndCheckMessageWithNoCoins" classname="VendingMachineKata.VendingMachineTest" time="0.0"/>
  <testcase name="VendingMachineAcceptsQuarters" classname="VendingMachineKata.VendingMachineTest" time="0.0"/>
  <testcase name="SelectColaAndCheckMessageTwice" classname="VendingMachineKata.VendingMachineTest" time="0.0"/>
  <testcase name="TestExactChangeOnlyModeWorksWithCoinsAsWell" classname="VendingMachineKata.VendingMachineTest" time="0.0"/>
  <testcase name="InsertFiveQuartersAndUseCoinReturn" classname="VendingMachineKata.VendingMachineTest" time="0.0"/>
  <testcase name="BuyAColaWithFiveQuartersAndCheckCoinReturn" classname="VendingMachineKata.VendingMachineTest" time="0.0"/>
  <testcase name="TestExactChangeOnlyModeWorksWithAPurchaseOfColaAndChipsAndCandyAndEverythingInBetween" classname="VendingMachineKata.VendingMachineTest" time="0.0"/>
  <testcase name="InsertFourQuartersAndSelectColaAndCheckMessage" classname="VendingMachineKata.VendingMachineTest" time="0.0"/>
  <testcase name="SelectColaAndCheckMessageThenInsertAQuarterAndCheckMessageAgain" classname="VendingMachineKata.VendingMachineTest" time="0.0"/>
  <testcase name="SelectCandyAndCheckMessageWithNoCoins" classname="VendingMachineKata.VendingMachineTest" time="0.0"/>
  <testcase name="InsertFourQuartersAndSelectColaAndCheckMessageTwice" classname="VendingMachineKata.VendingMachineTest" time="0.0"/>
  <testcase name="VendingMachingRejectsPennies" classname="VendingMachineKata.VendingMachineTest" time="0.0"/>
  <testcase name="SelectColaAndCheckSelection" classname="VendingMachineKata.VendingMachineTest" time="0.0"/>
  <testcase name="VendingMachineHasMessageINSERTCOIN" classname="VendingMachineKata.VendingMachineTest" time="0.0"/>
  <testcase name="SelectChipsAndCheckMessageWithNoCoins" classname="VendingMachineKata.VendingMachineTest" time="0.001"/>
  <system-out><![CDATA[]]></system-out>
  <system-err><![CDATA[]]></system-err>
</testsuite>
