<?xml version="1.0" encoding="UTF-8"?>
<testsuite name="VendingMachineTest" tests="1" skipped="0" failures="0" errors="0" timestamp="2018-02-05T02:03:15" hostname="Shanes-MacBook-Pro.local" time="0.001">
  <properties/>
  <testcase name="vendingMachingRejectsPennies" classname="VendingMachineTest" time="0.001"/>
  <system-out><![CDATA[]]></system-out>
  <system-err><![CDATA[]]></system-err>
</testsuite>
